find_header: checking for sqlite3.h... -------------------- yes

"/usr/bin/gcc-4.2 -o conftest -I/opt/local/include/ruby-1.9.1/x86_64-darwin10 -I/opt/local/include/ruby-1.9.1/ruby/backward -I/opt/local/include/ruby-1.9.1 -I. -I/usr/local/include -I/sw/local/include -I/usr/include -I/opt/local/include -D_XOPEN_SOURCE -D_DARWIN_C_SOURCE  -I/opt/local/include -pipe -O2 -arch x86_64 -fno-common conftest.c  -L. -L/opt/local/lib -L/usr/local/lib -L/opt/local/lib -L/sw/local/lib -L/usr/lib -L. -L/opt/local/lib -arch x86_64     -lruby.1.9.1-static  -lpthread -ldl -lobjc "
ld: warning: directory '/sw/local/lib' following -L not found
checked program was:
/* begin */
1: #include "ruby.h"
2: 
3: int main() {return 0;}
/* end */

"/usr/bin/gcc-4.2 -E -I/opt/local/include/ruby-1.9.1/x86_64-darwin10 -I/opt/local/include/ruby-1.9.1/ruby/backward -I/opt/local/include/ruby-1.9.1 -I. -I/usr/local/include -I/sw/local/include -I/usr/include -I/opt/local/include -D_XOPEN_SOURCE -D_DARWIN_C_SOURCE  -I/opt/local/include -pipe -O2 -arch x86_64 -fno-common  conftest.c -o conftest.i"
checked program was:
/* begin */
1: #include "ruby.h"
2: 
3: #include <sqlite3.h>
/* end */

--------------------

find_library: checking for sqlite3_libversion_number() in -lsqlite3... -------------------- yes

"/usr/bin/gcc-4.2 -o conftest -I/opt/local/include/ruby-1.9.1/x86_64-darwin10 -I/opt/local/include/ruby-1.9.1/ruby/backward -I/opt/local/include/ruby-1.9.1 -I. -I/usr/local/include -I/sw/local/include -I/usr/include -I/opt/local/include -D_XOPEN_SOURCE -D_DARWIN_C_SOURCE  -I/opt/local/include -pipe -O2 -arch x86_64 -fno-common conftest.c  -L. -L/opt/local/lib -L/usr/local/lib -L/opt/local/lib -L/sw/local/lib -L/usr/lib -L. -L/opt/local/lib -arch x86_64     -lruby.1.9.1-static -lsqlite3  -lpthread -ldl -lobjc "
conftest.c: In function ‘t’:
conftest.c:5: error: ‘sqlite3_libversion_number’ undeclared (first use in this function)
conftest.c:5: error: (Each undeclared identifier is reported only once
conftest.c:5: error: for each function it appears in.)
checked program was:
/* begin */
1: #include "ruby.h"
2: 
3: /*top*/
4: int main() {return 0;}
5: int t() { void ((*volatile p)()); p = (void ((*)()))sqlite3_libversion_number; return 0; }
/* end */

"/usr/bin/gcc-4.2 -o conftest -I/opt/local/include/ruby-1.9.1/x86_64-darwin10 -I/opt/local/include/ruby-1.9.1/ruby/backward -I/opt/local/include/ruby-1.9.1 -I. -I/usr/local/include -I/sw/local/include -I/usr/include -I/opt/local/include -D_XOPEN_SOURCE -D_DARWIN_C_SOURCE  -I/opt/local/include -pipe -O2 -arch x86_64 -fno-common conftest.c  -L. -L/opt/local/lib -L/usr/local/lib -L/opt/local/lib -L/sw/local/lib -L/usr/lib -L. -L/opt/local/lib -arch x86_64     -lruby.1.9.1-static -lsqlite3  -lpthread -ldl -lobjc "
ld: warning: directory '/sw/local/lib' following -L not found
checked program was:
/* begin */
1: #include "ruby.h"
2: 
3: /*top*/
4: int main() {return 0;}
5: int t() { sqlite3_libversion_number(); return 0; }
/* end */

--------------------

have_func: checking for rb_proc_arity()... -------------------- yes

"/usr/bin/gcc-4.2 -o conftest -I/opt/local/include/ruby-1.9.1/x86_64-darwin10 -I/opt/local/include/ruby-1.9.1/ruby/backward -I/opt/local/include/ruby-1.9.1 -I. -I/usr/local/include -I/sw/local/include -I/usr/include -I/opt/local/include -D_XOPEN_SOURCE -D_DARWIN_C_SOURCE  -I/opt/local/include -pipe -O2 -arch x86_64 -fno-common conftest.c  -L. -L/opt/local/lib -L/usr/local/lib -L/opt/local/lib -L/sw/local/lib -L/usr/lib -L. -L/opt/local/lib -arch x86_64    -lsqlite3  -lruby.1.9.1-static -lsqlite3  -lpthread -ldl -lobjc "
ld: warning: directory '/sw/local/lib' following -L not found
checked program was:
/* begin */
1: #include "ruby.h"
2: 
3: /*top*/
4: int main() {return 0;}
5: int t() { void ((*volatile p)()); p = (void ((*)()))rb_proc_arity; return 0; }
/* end */

--------------------

have_func: checking for sqlite3_initialize()... -------------------- yes

"/usr/bin/gcc-4.2 -o conftest -I/opt/local/include/ruby-1.9.1/x86_64-darwin10 -I/opt/local/include/ruby-1.9.1/ruby/backward -I/opt/local/include/ruby-1.9.1 -I. -I/usr/local/include -I/sw/local/include -I/usr/include -I/opt/local/include -D_XOPEN_SOURCE -D_DARWIN_C_SOURCE  -I/opt/local/include -pipe -O2 -arch x86_64 -fno-common conftest.c  -L. -L/opt/local/lib -L/usr/local/lib -L/opt/local/lib -L/sw/local/lib -L/usr/lib -L. -L/opt/local/lib -arch x86_64    -lsqlite3  -lruby.1.9.1-static -lsqlite3  -lpthread -ldl -lobjc "
conftest.c: In function ‘t’:
conftest.c:5: error: ‘sqlite3_initialize’ undeclared (first use in this function)
conftest.c:5: error: (Each undeclared identifier is reported only once
conftest.c:5: error: for each function it appears in.)
checked program was:
/* begin */
1: #include "ruby.h"
2: 
3: /*top*/
4: int main() {return 0;}
5: int t() { void ((*volatile p)()); p = (void ((*)()))sqlite3_initialize; return 0; }
/* end */

"/usr/bin/gcc-4.2 -o conftest -I/opt/local/include/ruby-1.9.1/x86_64-darwin10 -I/opt/local/include/ruby-1.9.1/ruby/backward -I/opt/local/include/ruby-1.9.1 -I. -I/usr/local/include -I/sw/local/include -I/usr/include -I/opt/local/include -D_XOPEN_SOURCE -D_DARWIN_C_SOURCE  -I/opt/local/include -pipe -O2 -arch x86_64 -fno-common conftest.c  -L. -L/opt/local/lib -L/usr/local/lib -L/opt/local/lib -L/sw/local/lib -L/usr/lib -L. -L/opt/local/lib -arch x86_64    -lsqlite3  -lruby.1.9.1-static -lsqlite3  -lpthread -ldl -lobjc "
ld: warning: directory '/sw/local/lib' following -L not found
checked program was:
/* begin */
1: #include "ruby.h"
2: 
3: /*top*/
4: int main() {return 0;}
5: int t() { sqlite3_initialize(); return 0; }
/* end */

--------------------

have_func: checking for sqlite3_next_stmt()... -------------------- yes

"/usr/bin/gcc-4.2 -o conftest -I/opt/local/include/ruby-1.9.1/x86_64-darwin10 -I/opt/local/include/ruby-1.9.1/ruby/backward -I/opt/local/include/ruby-1.9.1 -I. -I/usr/local/include -I/sw/local/include -I/usr/include -I/opt/local/include -D_XOPEN_SOURCE -D_DARWIN_C_SOURCE  -I/opt/local/include -pipe -O2 -arch x86_64 -fno-common conftest.c  -L. -L/opt/local/lib -L/usr/local/lib -L/opt/local/lib -L/sw/local/lib -L/usr/lib -L. -L/opt/local/lib -arch x86_64    -lsqlite3  -lruby.1.9.1-static -lsqlite3  -lpthread -ldl -lobjc "
conftest.c: In function ‘t’:
conftest.c:5: error: ‘sqlite3_next_stmt’ undeclared (first use in this function)
conftest.c:5: error: (Each undeclared identifier is reported only once
conftest.c:5: error: for each function it appears in.)
checked program was:
/* begin */
1: #include "ruby.h"
2: 
3: /*top*/
4: int main() {return 0;}
5: int t() { void ((*volatile p)()); p = (void ((*)()))sqlite3_next_stmt; return 0; }
/* end */

"/usr/bin/gcc-4.2 -o conftest -I/opt/local/include/ruby-1.9.1/x86_64-darwin10 -I/opt/local/include/ruby-1.9.1/ruby/backward -I/opt/local/include/ruby-1.9.1 -I. -I/usr/local/include -I/sw/local/include -I/usr/include -I/opt/local/include -D_XOPEN_SOURCE -D_DARWIN_C_SOURCE  -I/opt/local/include -pipe -O2 -arch x86_64 -fno-common conftest.c  -L. -L/opt/local/lib -L/usr/local/lib -L/opt/local/lib -L/sw/local/lib -L/usr/lib -L. -L/opt/local/lib -arch x86_64    -lsqlite3  -lruby.1.9.1-static -lsqlite3  -lpthread -ldl -lobjc "
ld: warning: directory '/sw/local/lib' following -L not found
checked program was:
/* begin */
1: #include "ruby.h"
2: 
3: /*top*/
4: int main() {return 0;}
5: int t() { sqlite3_next_stmt(); return 0; }
/* end */

--------------------

have_func: checking for sqlite3_backup_init()... -------------------- yes

"/usr/bin/gcc-4.2 -o conftest -I/opt/local/include/ruby-1.9.1/x86_64-darwin10 -I/opt/local/include/ruby-1.9.1/ruby/backward -I/opt/local/include/ruby-1.9.1 -I. -I/usr/local/include -I/sw/local/include -I/usr/include -I/opt/local/include -D_XOPEN_SOURCE -D_DARWIN_C_SOURCE  -I/opt/local/include -pipe -O2 -arch x86_64 -fno-common conftest.c  -L. -L/opt/local/lib -L/usr/local/lib -L/opt/local/lib -L/sw/local/lib -L/usr/lib -L. -L/opt/local/lib -arch x86_64    -lsqlite3  -lruby.1.9.1-static -lsqlite3  -lpthread -ldl -lobjc "
conftest.c: In function ‘t’:
conftest.c:5: error: ‘sqlite3_backup_init’ undeclared (first use in this function)
conftest.c:5: error: (Each undeclared identifier is reported only once
conftest.c:5: error: for each function it appears in.)
checked program was:
/* begin */
1: #include "ruby.h"
2: 
3: /*top*/
4: int main() {return 0;}
5: int t() { void ((*volatile p)()); p = (void ((*)()))sqlite3_backup_init; return 0; }
/* end */

"/usr/bin/gcc-4.2 -o conftest -I/opt/local/include/ruby-1.9.1/x86_64-darwin10 -I/opt/local/include/ruby-1.9.1/ruby/backward -I/opt/local/include/ruby-1.9.1 -I. -I/usr/local/include -I/sw/local/include -I/usr/include -I/opt/local/include -D_XOPEN_SOURCE -D_DARWIN_C_SOURCE  -I/opt/local/include -pipe -O2 -arch x86_64 -fno-common conftest.c  -L. -L/opt/local/lib -L/usr/local/lib -L/opt/local/lib -L/sw/local/lib -L/usr/lib -L. -L/opt/local/lib -arch x86_64    -lsqlite3  -lruby.1.9.1-static -lsqlite3  -lpthread -ldl -lobjc "
ld: warning: directory '/sw/local/lib' following -L not found
checked program was:
/* begin */
1: #include "ruby.h"
2: 
3: /*top*/
4: int main() {return 0;}
5: int t() { sqlite3_backup_init(); return 0; }
/* end */

--------------------

have_func: checking for sqlite3_column_database_name()... -------------------- yes

"/usr/bin/gcc-4.2 -o conftest -I/opt/local/include/ruby-1.9.1/x86_64-darwin10 -I/opt/local/include/ruby-1.9.1/ruby/backward -I/opt/local/include/ruby-1.9.1 -I. -I/usr/local/include -I/sw/local/include -I/usr/include -I/opt/local/include -D_XOPEN_SOURCE -D_DARWIN_C_SOURCE  -I/opt/local/include -pipe -O2 -arch x86_64 -fno-common conftest.c  -L. -L/opt/local/lib -L/usr/local/lib -L/opt/local/lib -L/sw/local/lib -L/usr/lib -L. -L/opt/local/lib -arch x86_64    -lsqlite3  -lruby.1.9.1-static -lsqlite3  -lpthread -ldl -lobjc "
conftest.c: In function ‘t’:
conftest.c:5: error: ‘sqlite3_column_database_name’ undeclared (first use in this function)
conftest.c:5: error: (Each undeclared identifier is reported only once
conftest.c:5: error: for each function it appears in.)
checked program was:
/* begin */
1: #include "ruby.h"
2: 
3: /*top*/
4: int main() {return 0;}
5: int t() { void ((*volatile p)()); p = (void ((*)()))sqlite3_column_database_name; return 0; }
/* end */

"/usr/bin/gcc-4.2 -o conftest -I/opt/local/include/ruby-1.9.1/x86_64-darwin10 -I/opt/local/include/ruby-1.9.1/ruby/backward -I/opt/local/include/ruby-1.9.1 -I. -I/usr/local/include -I/sw/local/include -I/usr/include -I/opt/local/include -D_XOPEN_SOURCE -D_DARWIN_C_SOURCE  -I/opt/local/include -pipe -O2 -arch x86_64 -fno-common conftest.c  -L. -L/opt/local/lib -L/usr/local/lib -L/opt/local/lib -L/sw/local/lib -L/usr/lib -L. -L/opt/local/lib -arch x86_64    -lsqlite3  -lruby.1.9.1-static -lsqlite3  -lpthread -ldl -lobjc "
ld: warning: directory '/sw/local/lib' following -L not found
checked program was:
/* begin */
1: #include "ruby.h"
2: 
3: /*top*/
4: int main() {return 0;}
5: int t() { sqlite3_column_database_name(); return 0; }
/* end */

--------------------

have_func: checking for sqlite3_enable_load_extension()... -------------------- yes

"/usr/bin/gcc-4.2 -o conftest -I/opt/local/include/ruby-1.9.1/x86_64-darwin10 -I/opt/local/include/ruby-1.9.1/ruby/backward -I/opt/local/include/ruby-1.9.1 -I. -I/usr/local/include -I/sw/local/include -I/usr/include -I/opt/local/include -D_XOPEN_SOURCE -D_DARWIN_C_SOURCE  -I/opt/local/include -pipe -O2 -arch x86_64 -fno-common conftest.c  -L. -L/opt/local/lib -L/usr/local/lib -L/opt/local/lib -L/sw/local/lib -L/usr/lib -L. -L/opt/local/lib -arch x86_64    -lsqlite3  -lruby.1.9.1-static -lsqlite3  -lpthread -ldl -lobjc "
conftest.c: In function ‘t’:
conftest.c:5: error: ‘sqlite3_enable_load_extension’ undeclared (first use in this function)
conftest.c:5: error: (Each undeclared identifier is reported only once
conftest.c:5: error: for each function it appears in.)
checked program was:
/* begin */
1: #include "ruby.h"
2: 
3: /*top*/
4: int main() {return 0;}
5: int t() { void ((*volatile p)()); p = (void ((*)()))sqlite3_enable_load_extension; return 0; }
/* end */

"/usr/bin/gcc-4.2 -o conftest -I/opt/local/include/ruby-1.9.1/x86_64-darwin10 -I/opt/local/include/ruby-1.9.1/ruby/backward -I/opt/local/include/ruby-1.9.1 -I. -I/usr/local/include -I/sw/local/include -I/usr/include -I/opt/local/include -D_XOPEN_SOURCE -D_DARWIN_C_SOURCE  -I/opt/local/include -pipe -O2 -arch x86_64 -fno-common conftest.c  -L. -L/opt/local/lib -L/usr/local/lib -L/opt/local/lib -L/sw/local/lib -L/usr/lib -L. -L/opt/local/lib -arch x86_64    -lsqlite3  -lruby.1.9.1-static -lsqlite3  -lpthread -ldl -lobjc "
ld: warning: directory '/sw/local/lib' following -L not found
checked program was:
/* begin */
1: #include "ruby.h"
2: 
3: /*top*/
4: int main() {return 0;}
5: int t() { sqlite3_enable_load_extension(); return 0; }
/* end */

--------------------

have_func: checking for sqlite3_load_extension()... -------------------- yes

"/usr/bin/gcc-4.2 -o conftest -I/opt/local/include/ruby-1.9.1/x86_64-darwin10 -I/opt/local/include/ruby-1.9.1/ruby/backward -I/opt/local/include/ruby-1.9.1 -I. -I/usr/local/include -I/sw/local/include -I/usr/include -I/opt/local/include -D_XOPEN_SOURCE -D_DARWIN_C_SOURCE  -I/opt/local/include -pipe -O2 -arch x86_64 -fno-common conftest.c  -L. -L/opt/local/lib -L/usr/local/lib -L/opt/local/lib -L/sw/local/lib -L/usr/lib -L. -L/opt/local/lib -arch x86_64    -lsqlite3  -lruby.1.9.1-static -lsqlite3  -lpthread -ldl -lobjc "
conftest.c: In function ‘t’:
conftest.c:5: error: ‘sqlite3_load_extension’ undeclared (first use in this function)
conftest.c:5: error: (Each undeclared identifier is reported only once
conftest.c:5: error: for each function it appears in.)
checked program was:
/* begin */
1: #include "ruby.h"
2: 
3: /*top*/
4: int main() {return 0;}
5: int t() { void ((*volatile p)()); p = (void ((*)()))sqlite3_load_extension; return 0; }
/* end */

"/usr/bin/gcc-4.2 -o conftest -I/opt/local/include/ruby-1.9.1/x86_64-darwin10 -I/opt/local/include/ruby-1.9.1/ruby/backward -I/opt/local/include/ruby-1.9.1 -I. -I/usr/local/include -I/sw/local/include -I/usr/include -I/opt/local/include -D_XOPEN_SOURCE -D_DARWIN_C_SOURCE  -I/opt/local/include -pipe -O2 -arch x86_64 -fno-common conftest.c  -L. -L/opt/local/lib -L/usr/local/lib -L/opt/local/lib -L/sw/local/lib -L/usr/lib -L. -L/opt/local/lib -arch x86_64    -lsqlite3  -lruby.1.9.1-static -lsqlite3  -lpthread -ldl -lobjc "
ld: warning: directory '/sw/local/lib' following -L not found
checked program was:
/* begin */
1: #include "ruby.h"
2: 
3: /*top*/
4: int main() {return 0;}
5: int t() { sqlite3_load_extension(); return 0; }
/* end */

--------------------

